This is pdfTeX, Version 3.141592653-2.6-1.40.24 (TeX Live 2022) (preloaded format=pdflatex 2022.10.18)  12 MAY 2024 18:08
entering extended mode
 restricted \write18 enabled.
 file:line:error style messages enabled.
 %&-line parsing enabled.
**f:/Git/regulations/source/CAuDri-Challenge_Regulations_2023.tex
(f:/Git/regulations/source/CAuDri-Challenge_Regulations_2023.tex
LaTeX2e <2022-06-01> patch level 5
L3 programming layer <2022-09-28> (f:/Programme/texlive/2022/texmf-dist/tex/latex/base/report.cls
Document Class: report 2021/10/04 v1.4n Standard LaTeX document class
(f:/Programme/texlive/2022/texmf-dist/tex/latex/base/size10.clo
File: size10.clo 2021/10/04 v1.4n Standard LaTeX file (size option)
)
\c@part=\count185
\c@chapter=\count186
\c@section=\count187
\c@subsection=\count188
\c@subsubsection=\count189
\c@paragraph=\count190
\c@subparagraph=\count191
\c@figure=\count192
\c@table=\count193
\abovecaptionskip=\skip47
\belowcaptionskip=\skip48
\bibindent=\dimen138
) (f:/Programme/texlive/2022/texmf-dist/tex/latex/geometry/geometry.sty
Package: geometry 2020/01/02 v5.9 Page Geometry
 (f:/Programme/texlive/2022/texmf-dist/tex/latex/graphics/keyval.sty
Package: keyval 2022/05/29 v1.15 key=value parser (DPC)
\KV@toks@=\toks16
) (f:/Programme/texlive/2022/texmf-dist/tex/generic/iftex/ifvtex.sty
Package: ifvtex 2019/10/25 v1.7 ifvtex legacy package. Use iftex instead.
 (f:/Programme/texlive/2022/texmf-dist/tex/generic/iftex/iftex.sty
Package: iftex 2022/02/03 v1.0f TeX engine tests
))
\Gm@cnth=\count194
\Gm@cntv=\count195
\c@Gm@tempcnt=\count196
\Gm@bindingoffset=\dimen139
\Gm@wd@mp=\dimen140
\Gm@odd@mp=\dimen141
\Gm@even@mp=\dimen142
\Gm@layoutwidth=\dimen143
\Gm@layoutheight=\dimen144
\Gm@layouthoffset=\dimen145
\Gm@layoutvoffset=\dimen146
\Gm@dimlist=\toks17
) (f:/Programme/texlive/2022/texmf-dist/tex/latex/lm/lmodern.sty
Package: lmodern 2015/05/01 v1.6.1 Latin Modern Fonts
LaTeX Font Info:    Overwriting symbol font `operators' in version `normal'
(Font)                  OT1/cmr/m/n --> OT1/lmr/m/n on input line 22.
LaTeX Font Info:    Overwriting symbol font `letters' in version `normal'
(Font)                  OML/cmm/m/it --> OML/lmm/m/it on input line 23.
LaTeX Font Info:    Overwriting symbol font `symbols' in version `normal'
(Font)                  OMS/cmsy/m/n --> OMS/lmsy/m/n on input line 24.
LaTeX Font Info:    Overwriting symbol font `largesymbols' in version `normal'
(Font)                  OMX/cmex/m/n --> OMX/lmex/m/n on input line 25.
LaTeX Font Info:    Overwriting symbol font `operators' in version `bold'
(Font)                  OT1/cmr/bx/n --> OT1/lmr/bx/n on input line 26.
LaTeX Font Info:    Overwriting symbol font `letters' in version `bold'
(Font)                  OML/cmm/b/it --> OML/lmm/b/it on input line 27.
LaTeX Font Info:    Overwriting symbol font `symbols' in version `bold'
(Font)                  OMS/cmsy/b/n --> OMS/lmsy/b/n on input line 28.
LaTeX Font Info:    Overwriting symbol font `largesymbols' in version `bold'
(Font)                  OMX/cmex/m/n --> OMX/lmex/m/n on input line 29.
LaTeX Font Info:    Overwriting math alphabet `\mathbf' in version `normal'
(Font)                  OT1/cmr/bx/n --> OT1/lmr/bx/n on input line 31.
LaTeX Font Info:    Overwriting math alphabet `\mathsf' in version `normal'
(Font)                  OT1/cmss/m/n --> OT1/lmss/m/n on input line 32.
LaTeX Font Info:    Overwriting math alphabet `\mathit' in version `normal'
(Font)                  OT1/cmr/m/it --> OT1/lmr/m/it on input line 33.
LaTeX Font Info:    Overwriting math alphabet `\mathtt' in version `normal'
(Font)                  OT1/cmtt/m/n --> OT1/lmtt/m/n on input line 34.
LaTeX Font Info:    Overwriting math alphabet `\mathbf' in version `bold'
(Font)                  OT1/cmr/bx/n --> OT1/lmr/bx/n on input line 35.
LaTeX Font Info:    Overwriting math alphabet `\mathsf' in version `bold'
(Font)                  OT1/cmss/bx/n --> OT1/lmss/bx/n on input line 36.
LaTeX Font Info:    Overwriting math alphabet `\mathit' in version `bold'
(Font)                  OT1/cmr/bx/it --> OT1/lmr/bx/it on input line 37.
LaTeX Font Info:    Overwriting math alphabet `\mathtt' in version `bold'
(Font)                  OT1/cmtt/m/n --> OT1/lmtt/m/n on input line 38.
) (f:/Programme/texlive/2022/texmf-dist/tex/latex/fancyhdr/fancyhdr.sty
Package: fancyhdr 2022/05/18 v4.0.3 Extensive control of page headers and footers
\f@nch@headwidth=\skip49
\f@nch@O@elh=\skip50
\f@nch@O@erh=\skip51
\f@nch@O@olh=\skip52
\f@nch@O@orh=\skip53
\f@nch@O@elf=\skip54
\f@nch@O@erf=\skip55
\f@nch@O@olf=\skip56
\f@nch@O@orf=\skip57
) (f:/Programme/texlive/2022/texmf-dist/tex/latex/graphics/graphicx.sty
Package: graphicx 2021/09/16 v1.2d Enhanced LaTeX Graphics (DPC,SPQR)
 (f:/Programme/texlive/2022/texmf-dist/tex/latex/graphics/graphics.sty
Package: graphics 2022/03/10 v1.4e Standard LaTeX Graphics (DPC,SPQR)
 (f:/Programme/texlive/2022/texmf-dist/tex/latex/graphics/trig.sty
Package: trig 2021/08/11 v1.11 sin cos tan (DPC)
) (f:/Programme/texlive/2022/texmf-dist/tex/latex/graphics-cfg/graphics.cfg
File: graphics.cfg 2016/06/04 v1.11 sample graphics configuration
)
Package graphics Info: Driver file: pdftex.def on input line 107.
 (f:/Programme/texlive/2022/texmf-dist/tex/latex/graphics-def/pdftex.def
File: pdftex.def 2022/09/22 v1.2b Graphics/color driver for pdftex
\stockwidth=\dimen147
\stockheight=\dimen148
))
\Gin@req@height=\dimen149
\Gin@req@width=\dimen150
) (f:/Programme/texlive/2022/texmf-dist/tex/latex/titlesec/titlesec.sty
Package: titlesec 2021/07/05 v2.14 Sectioning titles
\ttl@box=\box51
\beforetitleunit=\skip58
\aftertitleunit=\skip59
\ttl@plus=\dimen151
\ttl@minus=\dimen152
\ttl@toksa=\toks18
\titlewidth=\dimen153
\titlewidthlast=\dimen154
\titlewidthfirst=\dimen155
) (f:/Programme/texlive/2022/texmf-dist/tex/latex/etoolbox/etoolbox.sty
Package: etoolbox 2020/10/05 v2.5k e-TeX tools for LaTeX (JAW)
\etb@tempcnta=\count197
) (f:/Programme/texlive/2022/texmf-dist/tex/latex/graphics/color.sty
Package: color 2022/01/06 v1.3d Standard LaTeX Color (DPC)
 (f:/Programme/texlive/2022/texmf-dist/tex/latex/graphics-cfg/color.cfg
File: color.cfg 2016/01/02 v1.6 sample color configuration
)
Package color Info: Driver file: pdftex.def on input line 149.
 (f:/Programme/texlive/2022/texmf-dist/tex/latex/graphics/mathcolor.ltx)) (f:/Programme/texlive/2022/texmf-dist/tex/latex/booktabs/booktabs.sty
Package: booktabs 2020/01/12 v1.61803398 Publication quality tables
\heavyrulewidth=\dimen156
\lightrulewidth=\dimen157
\cmidrulewidth=\dimen158
\belowrulesep=\dimen159
\belowbottomsep=\dimen160
\aboverulesep=\dimen161
\abovetopsep=\dimen162
\cmidrulesep=\dimen163
\cmidrulekern=\dimen164
\defaultaddspace=\dimen165
\@cmidla=\count198
\@cmidlb=\count199
\@aboverulesep=\dimen166
\@belowrulesep=\dimen167
\@thisruleclass=\count266
\@lastruleclass=\count267
\@thisrulewidth=\dimen168
) (f:/Programme/texlive/2022/texmf-dist/tex/latex/parskip/parskip.sty
Package: parskip 2021-03-14 v2.0h non-zero parskip adjustments
 (f:/Programme/texlive/2022/texmf-dist/tex/latex/kvoptions/kvoptions.sty
Package: kvoptions 2022-06-15 v3.15 Key value format for package options (HO)
 (f:/Programme/texlive/2022/texmf-dist/tex/generic/ltxcmds/ltxcmds.sty
Package: ltxcmds 2020-05-10 v1.25 LaTeX kernel commands for general use (HO)
) (f:/Programme/texlive/2022/texmf-dist/tex/latex/kvsetkeys/kvsetkeys.sty
Package: kvsetkeys 2022-10-05 v1.19 Key value parser (HO)
))) (f:/Programme/texlive/2022/texmf-dist/tex/latex/float/float.sty
Package: float 2001/11/08 v1.3d Float enhancements (AL)
\c@float@type=\count268
\float@exts=\toks19
\float@box=\box52
\@float@everytoks=\toks20
\@floatcapt=\box53
) (f:/Programme/texlive/2022/texmf-dist/tex/latex/hyperref/hyperref.sty
Package: hyperref 2022-09-22 v7.00t Hypertext links for LaTeX
 (f:/Programme/texlive/2022/texmf-dist/tex/generic/pdftexcmds/pdftexcmds.sty
Package: pdftexcmds 2020-06-27 v0.33 Utility functions of pdfTeX for LuaTeX (HO)
 (f:/Programme/texlive/2022/texmf-dist/tex/generic/infwarerr/infwarerr.sty
Package: infwarerr 2019/12/03 v1.5 Providing info/warning/error messages (HO)
)
Package pdftexcmds Info: \pdf@primitive is available.
Package pdftexcmds Info: \pdf@ifprimitive is available.
Package pdftexcmds Info: \pdfdraftmode found.
) (f:/Programme/texlive/2022/texmf-dist/tex/generic/kvdefinekeys/kvdefinekeys.sty
Package: kvdefinekeys 2019-12-19 v1.6 Define keys (HO)
) (f:/Programme/texlive/2022/texmf-dist/tex/generic/pdfescape/pdfescape.sty
Package: pdfescape 2019/12/09 v1.15 Implements pdfTeX's escape features (HO)
) (f:/Programme/texlive/2022/texmf-dist/tex/latex/hycolor/hycolor.sty
Package: hycolor 2020-01-27 v1.10 Color options for hyperref/bookmark (HO)
) (f:/Programme/texlive/2022/texmf-dist/tex/latex/letltxmacro/letltxmacro.sty
Package: letltxmacro 2019/12/03 v1.6 Let assignment for LaTeX macros (HO)
) (f:/Programme/texlive/2022/texmf-dist/tex/latex/auxhook/auxhook.sty
Package: auxhook 2019-12-17 v1.6 Hooks for auxiliary files (HO)
) (f:/Programme/texlive/2022/texmf-dist/tex/latex/hyperref/nameref.sty
Package: nameref 2022-05-17 v2.50 Cross-referencing by name of section
 (f:/Programme/texlive/2022/texmf-dist/tex/latex/refcount/refcount.sty
Package: refcount 2019/12/15 v3.6 Data extraction from label references (HO)
) (f:/Programme/texlive/2022/texmf-dist/tex/generic/gettitlestring/gettitlestring.sty
Package: gettitlestring 2019/12/15 v1.6 Cleanup title references (HO)
)
\c@section@level=\count269
)
\@linkdim=\dimen169
\Hy@linkcounter=\count270
\Hy@pagecounter=\count271
 (f:/Programme/texlive/2022/texmf-dist/tex/latex/hyperref/pd1enc.def
File: pd1enc.def 2022-09-22 v7.00t Hyperref: PDFDocEncoding definition (HO)
Now handling font encoding PD1 ...
... no UTF-8 mapping file for font encoding PD1
) (f:/Programme/texlive/2022/texmf-dist/tex/generic/intcalc/intcalc.sty
Package: intcalc 2019/12/15 v1.3 Expandable calculations with integers (HO)
) (f:/Programme/texlive/2022/texmf-dist/tex/generic/etexcmds/etexcmds.sty
Package: etexcmds 2019/12/15 v1.7 Avoid name clashes with e-TeX commands (HO)
)
\Hy@SavedSpaceFactor=\count272
 (f:/Programme/texlive/2022/texmf-dist/tex/latex/hyperref/puenc.def
File: puenc.def 2022-09-22 v7.00t Hyperref: PDF Unicode definition (HO)
Now handling font encoding PU ...
... no UTF-8 mapping file for font encoding PU
)
Package hyperref Info: Hyper figures OFF on input line 4162.
Package hyperref Info: Link nesting OFF on input line 4167.
Package hyperref Info: Hyper index ON on input line 4170.
Package hyperref Info: Plain pages OFF on input line 4177.
Package hyperref Info: Backreferencing OFF on input line 4182.
Package hyperref Info: Implicit mode ON; LaTeX internals redefined.
Package hyperref Info: Bookmarks ON on input line 4410.
\c@Hy@tempcnt=\count273
 (f:/Programme/texlive/2022/texmf-dist/tex/latex/url/url.sty
\Urlmuskip=\muskip16
Package: url 2013/09/16  ver 3.4  Verb mode for urls, etc.
)
LaTeX Info: Redefining \url on input line 4748.
\XeTeXLinkMargin=\dimen170
 (f:/Programme/texlive/2022/texmf-dist/tex/generic/bitset/bitset.sty
Package: bitset 2019/12/09 v1.3 Handle bit-vector datatype (HO)
 (f:/Programme/texlive/2022/texmf-dist/tex/generic/bigintcalc/bigintcalc.sty
Package: bigintcalc 2019/12/15 v1.5 Expandable calculations on big integers (HO)
))
\Fld@menulength=\count274
\Field@Width=\dimen171
\Fld@charsize=\dimen172
Package hyperref Info: Hyper figures OFF on input line 6027.
Package hyperref Info: Link nesting OFF on input line 6032.
Package hyperref Info: Hyper index ON on input line 6035.
Package hyperref Info: backreferencing OFF on input line 6042.
Package hyperref Info: Link coloring OFF on input line 6047.
Package hyperref Info: Link coloring with OCG OFF on input line 6052.
Package hyperref Info: PDF/A mode OFF on input line 6057.
 (f:/Programme/texlive/2022/texmf-dist/tex/latex/base/atbegshi-ltx.sty
Package: atbegshi-ltx 2021/01/10 v1.0c Emulation of the original atbegshi
package with kernel methods
)
\Hy@abspage=\count275
\c@Item=\count276
\c@Hfootnote=\count277
)
Package hyperref Info: Driver (autodetected): hpdftex.
 (f:/Programme/texlive/2022/texmf-dist/tex/latex/hyperref/hpdftex.def
File: hpdftex.def 2022-09-22 v7.00t Hyperref driver for pdfTeX
 (f:/Programme/texlive/2022/texmf-dist/tex/latex/base/atveryend-ltx.sty
Package: atveryend-ltx 2020/08/19 v1.0a Emulation of the original atveryend package
with kernel methods
)
\Fld@listcount=\count278
\c@bookmark@seq@number=\count279
 (f:/Programme/texlive/2022/texmf-dist/tex/latex/rerunfilecheck/rerunfilecheck.sty
Package: rerunfilecheck 2022-07-10 v1.10 Rerun checks for auxiliary files (HO)
 (f:/Programme/texlive/2022/texmf-dist/tex/generic/uniquecounter/uniquecounter.sty
Package: uniquecounter 2019/12/15 v1.4 Provide unlimited unique counter (HO)
)
Package uniquecounter Info: New unique counter `rerunfilecheck' on input line 285.
)
\Hy@SectionHShift=\skip60
)
Package hyperref Info: Option `colorlinks' set `true' on input line 38.
\colorboxwidth=\skip61
LaTeX Font Info:    Trying to load font information for OT1+lmss on input line 73.
 (f:/Programme/texlive/2022/texmf-dist/tex/latex/lm/ot1lmss.fd
File: ot1lmss.fd 2015/05/01 v1.6.1 Font defs for Latin Modern
) (f:/Programme/texlive/2022/texmf-dist/tex/latex/l3backend/l3backend-pdftex.def
File: l3backend-pdftex.def 2022-09-28 L3 backend support: PDF output (pdfTeX)
\l__color_backend_stack_int=\count280
\l__pdf_internal_box=\box54
) (./CAuDri-Challenge_Regulations_2023.aux)
\openout1 = `CAuDri-Challenge_Regulations_2023.aux'.

LaTeX Font Info:    Checking defaults for OML/cmm/m/it on input line 73.
LaTeX Font Info:    ... okay on input line 73.
LaTeX Font Info:    Checking defaults for OMS/cmsy/m/n on input line 73.
LaTeX Font Info:    ... okay on input line 73.
LaTeX Font Info:    Checking defaults for OT1/cmr/m/n on input line 73.
LaTeX Font Info:    ... okay on input line 73.
LaTeX Font Info:    Checking defaults for T1/cmr/m/n on input line 73.
LaTeX Font Info:    ... okay on input line 73.
LaTeX Font Info:    Checking defaults for TS1/cmr/m/n on input line 73.
LaTeX Font Info:    ... okay on input line 73.
LaTeX Font Info:    Checking defaults for OMX/cmex/m/n on input line 73.
LaTeX Font Info:    ... okay on input line 73.
LaTeX Font Info:    Checking defaults for U/cmr/m/n on input line 73.
LaTeX Font Info:    ... okay on input line 73.
LaTeX Font Info:    Checking defaults for PD1/pdf/m/n on input line 73.
LaTeX Font Info:    ... okay on input line 73.
LaTeX Font Info:    Checking defaults for PU/pdf/m/n on input line 73.
LaTeX Font Info:    ... okay on input line 73.

*geometry* driver: auto-detecting
*geometry* detected driver: pdftex
*geometry* verbose mode - [ preamble ] result:
* driver: pdftex
* paper: a4paper
* layout: <same size as paper>
* layoutoffset:(h,v)=(0.0pt,0.0pt)
* modes: includehead includefoot 
* h-part:(L,W,R)=(71.13188pt, 455.24411pt, 71.13188pt)
* v-part:(T,H,B)=(28.45274pt, 788.14136pt, 28.45274pt)
* \paperwidth=597.50787pt
* \paperheight=845.04684pt
* \textwidth=455.24411pt
* \textheight=690.46223pt
* \oddsidemargin=-1.1381pt
* \evensidemargin=-1.1381pt
* \topmargin=-43.81725pt
* \headheight=42.67912pt
* \headsep=25.0pt
* \topskip=10.0pt
* \footskip=30.0pt
* \marginparwidth=57.0pt
* \marginparsep=11.0pt
* \columnsep=10.0pt
* \skip\footins=9.0pt plus 4.0pt minus 2.0pt
* \hoffset=0.0pt
* \voffset=0.0pt
* \mag=1000
* \@twocolumnfalse
* \@twosidefalse
* \@mparswitchfalse
* \@reversemarginfalse
* (1in=72.27pt=25.4mm, 1cm=28.453pt)

(f:/Programme/texlive/2022/texmf-dist/tex/context/base/mkii/supp-pdf.mkii
[Loading MPS to PDF converter (version 2006.09.02).]
\scratchcounter=\count281
\scratchdimen=\dimen173
\scratchbox=\box55
\nofMPsegments=\count282
\nofMParguments=\count283
\everyMPshowfont=\toks21
\MPscratchCnt=\count284
\MPscratchDim=\dimen174
\MPnumerator=\count285
\makeMPintoPDFobject=\count286
\everyMPtoPDFconversion=\toks22
) (f:/Programme/texlive/2022/texmf-dist/tex/latex/epstopdf-pkg/epstopdf-base.sty
Package: epstopdf-base 2020-01-24 v2.11 Base part for package epstopdf
Package epstopdf-base Info: Redefining graphics rule for `.eps' on input line 485.
 (f:/Programme/texlive/2022/texmf-dist/tex/latex/latexconfig/epstopdf-sys.cfg
File: epstopdf-sys.cfg 2010/07/13 v1.3 Configuration of (r)epstopdf for TeX Live
))
Package hyperref Info: Link coloring ON on input line 73.
 (./CAuDri-Challenge_Regulations_2023.out) (./CAuDri-Challenge_Regulations_2023.out)
\@outlinefile=\write3
\openout3 = `CAuDri-Challenge_Regulations_2023.out'.

<graphics/caudri_logo_no_border.jpg, id=377, 1303.87125pt x 374.90062pt>
File: graphics/caudri_logo_no_border.jpg Graphic file (type jpg)
<use graphics/caudri_logo_no_border.jpg>
Package pdftex.def Info: graphics/caudri_logo_no_border.jpg  used on input line 81.
(pdftex.def)             Requested size: 455.24411pt x 130.89684pt.
 [1

{f:/Programme/texlive/2022/texmf-var/fonts/map/pdftex/updmap/pdftex.map} <./graphics/caudri_logo_no_border.jpg>] (./CAuDri-Challenge_Regulations_2023.toc
LaTeX Font Info:    Trying to load font information for OT1+lmr on input line 2.
 (f:/Programme/texlive/2022/texmf-dist/tex/latex/lm/ot1lmr.fd
File: ot1lmr.fd 2015/05/01 v1.6.1 Font defs for Latin Modern
)
LaTeX Font Info:    Trying to load font information for OML+lmm on input line 2.
 (f:/Programme/texlive/2022/texmf-dist/tex/latex/lm/omllmm.fd
File: omllmm.fd 2015/05/01 v1.6.1 Font defs for Latin Modern
)
LaTeX Font Info:    Trying to load font information for OMS+lmsy on input line 2.
 (f:/Programme/texlive/2022/texmf-dist/tex/latex/lm/omslmsy.fd
File: omslmsy.fd 2015/05/01 v1.6.1 Font defs for Latin Modern
)
LaTeX Font Info:    Trying to load font information for OMX+lmex on input line 2.
 (f:/Programme/texlive/2022/texmf-dist/tex/latex/lm/omxlmex.fd
File: omxlmex.fd 2015/05/01 v1.6.1 Font defs for Latin Modern
)
LaTeX Font Info:    External font `lmex10' loaded for size
(Font)              <10> on input line 2.
LaTeX Font Info:    External font `lmex10' loaded for size
(Font)              <7> on input line 2.
LaTeX Font Info:    External font `lmex10' loaded for size
(Font)              <5> on input line 2.
File: graphics/caudri_logo_no_border.jpg Graphic file (type jpg)
<use graphics/caudri_logo_no_border.jpg>
Package pdftex.def Info: graphics/caudri_logo_no_border.jpg  used on input line 58.
(pdftex.def)             Requested size: 85.35826pt x 24.541pt.

pdfTeX warning (ext4): destination with the same identifier (name{page.1}) has been already used, duplicate ignored
<to be read again> 
                   \relax 
l.58 ...line {6.2.3}RC-Mode}{12}{subsection.6.2.3}
                                                  % [1

])
\tf@toc=\write4
\openout4 = `CAuDri-Challenge_Regulations_2023.toc'.

File: graphics/caudri_logo_no_border.jpg Graphic file (type jpg)
<use graphics/caudri_logo_no_border.jpg>
Package pdftex.def Info: graphics/caudri_logo_no_border.jpg  used on input line 104.
(pdftex.def)             Requested size: 85.35826pt x 24.541pt.
 [2]
Chapter 1.
File: graphics/caudri_logo_no_border.jpg Graphic file (type jpg)
<use graphics/caudri_logo_no_border.jpg>
Package pdftex.def Info: graphics/caudri_logo_no_border.jpg  used on input line 133.
(pdftex.def)             Requested size: 85.35826pt x 24.541pt.
[3

]
Chapter 2.
File: graphics/caudri_logo_no_border.jpg Graphic file (type jpg)
<use graphics/caudri_logo_no_border.jpg>
Package pdftex.def Info: graphics/caudri_logo_no_border.jpg  used on input line 157.
(pdftex.def)             Requested size: 85.35826pt x 24.541pt.
[4

]
Chapter 3.
File: graphics/caudri_logo_no_border.jpg Graphic file (type jpg)
<use graphics/caudri_logo_no_border.jpg>
Package pdftex.def Info: graphics/caudri_logo_no_border.jpg  used on input line 182.
(pdftex.def)             Requested size: 85.35826pt x 24.541pt.
[5

]
Chapter 4.
File: graphics/caudri_logo_no_border.jpg Graphic file (type jpg)
<use graphics/caudri_logo_no_border.jpg>
Package pdftex.def Info: graphics/caudri_logo_no_border.jpg  used on input line 204.
(pdftex.def)             Requested size: 85.35826pt x 24.541pt.
[6

]
Chapter 5.
File: graphics/caudri_logo_no_border.jpg Graphic file (type jpg)
<use graphics/caudri_logo_no_border.jpg>
Package pdftex.def Info: graphics/caudri_logo_no_border.jpg  used on input line 245.
(pdftex.def)             Requested size: 85.35826pt x 24.541pt.
[7

]
File: graphics/caudri_logo_no_border.jpg Graphic file (type jpg)
<use graphics/caudri_logo_no_border.jpg>
Package pdftex.def Info: graphics/caudri_logo_no_border.jpg  used on input line 280.
(pdftex.def)             Requested size: 85.35826pt x 24.541pt.
 [8]
File: graphics/caudri_logo_no_border.jpg Graphic file (type jpg)
<use graphics/caudri_logo_no_border.jpg>
Package pdftex.def Info: graphics/caudri_logo_no_border.jpg  used on input line 307.
(pdftex.def)             Requested size: 85.35826pt x 24.541pt.
 [9]
Chapter 6.
File: graphics/caudri_logo_no_border.jpg Graphic file (type jpg)
<use graphics/caudri_logo_no_border.jpg>
Package pdftex.def Info: graphics/caudri_logo_no_border.jpg  used on input line 336.
(pdftex.def)             Requested size: 85.35826pt x 24.541pt.
[10

]
File: graphics/caudri_logo_no_border.jpg Graphic file (type jpg)
<use graphics/caudri_logo_no_border.jpg>
Package pdftex.def Info: graphics/caudri_logo_no_border.jpg  used on input line 368.
(pdftex.def)             Requested size: 85.35826pt x 24.541pt.
 [11]
File: graphics/caudri_logo_no_border.jpg Graphic file (type jpg)
<use graphics/caudri_logo_no_border.jpg>
Package pdftex.def Info: graphics/caudri_logo_no_border.jpg  used on input line 406.
(pdftex.def)             Requested size: 85.35826pt x 24.541pt.
 [12]
File: graphics/caudri_logo_no_border.jpg Graphic file (type jpg)
<use graphics/caudri_logo_no_border.jpg>
Package pdftex.def Info: graphics/caudri_logo_no_border.jpg  used on input line 458.
(pdftex.def)             Requested size: 85.35826pt x 24.541pt.
 [13]
LaTeX Font Info:    Trying to load font information for TS1+lmss on input line 462.
 (f:/Programme/texlive/2022/texmf-dist/tex/latex/lm/ts1lmss.fd
File: ts1lmss.fd 2015/05/01 v1.6.1 Font defs for Latin Modern
)
File: graphics/caudri_logo_no_border.jpg Graphic file (type jpg)
<use graphics/caudri_logo_no_border.jpg>
Package pdftex.def Info: graphics/caudri_logo_no_border.jpg  used on input line 488.
(pdftex.def)             Requested size: 85.35826pt x 24.541pt.
 [14]
File: graphics/caudri_logo_no_border.jpg Graphic file (type jpg)
<use graphics/caudri_logo_no_border.jpg>
Package pdftex.def Info: graphics/caudri_logo_no_border.jpg  used on input line 514.
(pdftex.def)             Requested size: 85.35826pt x 24.541pt.
 [15]
File: graphics/caudri_logo_no_border.jpg Graphic file (type jpg)
<use graphics/caudri_logo_no_border.jpg>
Package pdftex.def Info: graphics/caudri_logo_no_border.jpg  used on input line 551.
(pdftex.def)             Requested size: 85.35826pt x 24.541pt.
 [16]
File: graphics/caudri_logo_no_border.jpg Graphic file (type jpg)
<use graphics/caudri_logo_no_border.jpg>
Package pdftex.def Info: graphics/caudri_logo_no_border.jpg  used on input line 595.
(pdftex.def)             Requested size: 85.35826pt x 24.541pt.
 [17]
Chapter 7.
File: graphics/caudri_logo_no_border.jpg Graphic file (type jpg)
<use graphics/caudri_logo_no_border.jpg>
Package pdftex.def Info: graphics/caudri_logo_no_border.jpg  used on input line 633.
(pdftex.def)             Requested size: 85.35826pt x 24.541pt.
[18

]
File: graphics/caudri_logo_no_border.jpg Graphic file (type jpg)
<use graphics/caudri_logo_no_border.jpg>
Package pdftex.def Info: graphics/caudri_logo_no_border.jpg  used on input line 653.
(pdftex.def)             Requested size: 85.35826pt x 24.541pt.
 [19]
Appendix A.
<graphics/Abb_1_parking_lot.pdf, id=640, 239.89626pt x 595.22375pt>
File: graphics/Abb_1_parking_lot.pdf Graphic file (type pdf)
<use graphics/Abb_1_parking_lot.pdf>
Package pdftex.def Info: graphics/Abb_1_parking_lot.pdf  used on input line 662.
(pdftex.def)             Requested size: 191.91725pt x 476.17966pt.
<graphics/Abb_2_parallel_parking.pdf, id=641, 430.0767pt x 128.48482pt>
File: graphics/Abb_2_parallel_parking.pdf Graphic file (type pdf)
<use graphics/Abb_2_parallel_parking.pdf>
Package pdftex.def Info: graphics/Abb_2_parallel_parking.pdf  used on input line 670.
(pdftex.def)             Requested size: 430.07565pt x 128.4845pt.
File: graphics/caudri_logo_no_border.jpg Graphic file (type jpg)
<use graphics/caudri_logo_no_border.jpg>
Package pdftex.def Info: graphics/caudri_logo_no_border.jpg  used on input line 673.
(pdftex.def)             Requested size: 85.35826pt x 24.541pt.
[20

 <./graphics/Abb_1_parking_lot.pdf>]
<graphics/Abb_3_perpendicular_parking.pdf, id=794, 430.11897pt x 165.54495pt>
File: graphics/Abb_3_perpendicular_parking.pdf Graphic file (type pdf)
<use graphics/Abb_3_perpendicular_parking.pdf>
Package pdftex.def Info: graphics/Abb_3_perpendicular_parking.pdf  used on input line 678.
(pdftex.def)             Requested size: 430.1179pt x 165.54454pt.
<graphics/Abb_4_road_layout.pdf, id=795, 421.575pt x 211.79124pt>
File: graphics/Abb_4_road_layout.pdf Graphic file (type pdf)
<use graphics/Abb_4_road_layout.pdf>
Package pdftex.def Info: graphics/Abb_4_road_layout.pdf  used on input line 686.
(pdftex.def)             Requested size: 421.57396pt x 211.79073pt.
<graphics/Abb_5_intersection.pdf, id=796, 234.09244pt x 292.85703pt>
File: graphics/Abb_5_intersection.pdf Graphic file (type pdf)
<use graphics/Abb_5_intersection.pdf>
Package pdftex.def Info: graphics/Abb_5_intersection.pdf  used on input line 694.
(pdftex.def)             Requested size: 234.09186pt x 292.85631pt.
File: graphics/caudri_logo_no_border.jpg Graphic file (type jpg)
<use graphics/caudri_logo_no_border.jpg>
Package pdftex.def Info: graphics/caudri_logo_no_border.jpg  used on input line 697.
(pdftex.def)             Requested size: 85.35826pt x 24.541pt.
 [21 <./graphics/Abb_2_parallel_parking.pdf> <./graphics/Abb_3_perpendicular_parking.pdf

pdfTeX warning: pdflatex.exe (file ./graphics/Abb_3_perpendicular_parking.pdf): PDF inclusion: multiple pdfs with page group included in a single page
> <./graphics/Abb_4_road_layout.pdf

pdfTeX warning: pdflatex.exe (file ./graphics/Abb_4_road_layout.pdf): PDF inclusion: multiple pdfs with page group included in a single page
>]
<graphics/Abb_6_intersection_give_way.pdf, id=16101, 234.8775pt x 293.095pt>
File: graphics/Abb_6_intersection_give_way.pdf Graphic file (type pdf)
<use graphics/Abb_6_intersection_give_way.pdf>
Package pdftex.def Info: graphics/Abb_6_intersection_give_way.pdf  used on input line 702.
(pdftex.def)             Requested size: 234.87692pt x 293.09427pt.
<graphics/Abb_7_speed_limit_zone.pdf, id=16102, 176.50024pt x 397.6888pt>
File: graphics/Abb_7_speed_limit_zone.pdf Graphic file (type pdf)
<use graphics/Abb_7_speed_limit_zone.pdf>
Package pdftex.def Info: graphics/Abb_7_speed_limit_zone.pdf  used on input line 710.
(pdftex.def)             Requested size: 176.4998pt x 397.68782pt.
File: graphics/caudri_logo_no_border.jpg Graphic file (type jpg)
<use graphics/caudri_logo_no_border.jpg>
Package pdftex.def Info: graphics/caudri_logo_no_border.jpg  used on input line 713.
(pdftex.def)             Requested size: 85.35826pt x 24.541pt.
 [22 <./graphics/Abb_5_intersection.pdf> <./graphics/Abb_6_intersection_give_way.pdf

pdfTeX warning: pdflatex.exe (file ./graphics/Abb_6_intersection_give_way.pdf): PDF inclusion: multiple pdfs with page group included in a single page
>]
<graphics/Abb_8_barred_area.pdf, id=22955, 478.78876pt x 108.405pt>
File: graphics/Abb_8_barred_area.pdf Graphic file (type pdf)
<use graphics/Abb_8_barred_area.pdf>
Package pdftex.def Info: graphics/Abb_8_barred_area.pdf  used on input line 718.
(pdftex.def)             Requested size: 455.24411pt x 103.07512pt.
<graphics/Abb_9_crosswalk.pdf, id=22956, 239.89626pt x 416.55624pt>
File: graphics/Abb_9_crosswalk.pdf Graphic file (type pdf)
<use graphics/Abb_9_crosswalk.pdf>
Package pdftex.def Info: graphics/Abb_9_crosswalk.pdf  used on input line 726.
(pdftex.def)             Requested size: 239.89566pt x 416.55522pt.
File: graphics/caudri_logo_no_border.jpg Graphic file (type jpg)
<use graphics/caudri_logo_no_border.jpg>
Package pdftex.def Info: graphics/caudri_logo_no_border.jpg  used on input line 729.
(pdftex.def)             Requested size: 85.35826pt x 24.541pt.
 [23 <./graphics/Abb_7_speed_limit_zone.pdf> <./graphics/Abb_8_barred_area.pdf

pdfTeX warning: pdflatex.exe (file ./graphics/Abb_8_barred_area.pdf): PDF inclusion: multiple pdfs with page group included in a single page
>]
File: graphics/caudri_logo_no_border.jpg Graphic file (type jpg)
<use graphics/caudri_logo_no_border.jpg>
Package pdftex.def Info: graphics/caudri_logo_no_border.jpg  used on input line 729.
(pdftex.def)             Requested size: 85.35826pt x 24.541pt.
 [24 <./graphics/Abb_9_crosswalk.pdf>]
<graphics/Abb_10_pedestrian_island.pdf, id=38173, 227.85126pt x 547.04375pt>
File: graphics/Abb_10_pedestrian_island.pdf Graphic file (type pdf)
<use graphics/Abb_10_pedestrian_island.pdf>
Package pdftex.def Info: graphics/Abb_10_pedestrian_island.pdf  used on input line 735.
(pdftex.def)             Requested size: 227.8507pt x 547.0424pt.
File: graphics/caudri_logo_no_border.jpg Graphic file (type jpg)
<use graphics/caudri_logo_no_border.jpg>
Package pdftex.def Info: graphics/caudri_logo_no_border.jpg  used on input line 738.
(pdftex.def)             Requested size: 85.35826pt x 24.541pt.
 [25 <./graphics/Abb_10_pedestrian_island.pdf>]
<graphics/Abb_11_pedestrian_island_crosswalk.pdf, id=38377, 234.8775pt x 547.04375pt>
File: graphics/Abb_11_pedestrian_island_crosswalk.pdf Graphic file (type pdf)
<use graphics/Abb_11_pedestrian_island_crosswalk.pdf>
Package pdftex.def Info: graphics/Abb_11_pedestrian_island_crosswalk.pdf  used on input line 744.
(pdftex.def)             Requested size: 234.87692pt x 547.0424pt.
<graphics/Abb_12_intersection_give_way_lines.pdf, id=38378, 224.62355pt x 281.01115pt>
File: graphics/Abb_12_intersection_give_way_lines.pdf Graphic file (type pdf)
<use graphics/Abb_12_intersection_give_way_lines.pdf>
Package pdftex.def Info: graphics/Abb_12_intersection_give_way_lines.pdf  used on input line 755.
(pdftex.def)             Requested size: 224.623pt x 281.01047pt.
File: graphics/caudri_logo_no_border.jpg Graphic file (type jpg)
<use graphics/caudri_logo_no_border.jpg>
Package pdftex.def Info: graphics/caudri_logo_no_border.jpg  used on input line 758.
(pdftex.def)             Requested size: 85.35826pt x 24.541pt.
 [26 <./graphics/Abb_11_pedestrian_island_crosswalk.pdf>]
<graphics/Abb_13_intersection_priority.pdf, id=38623, 224.84pt x 281.05pt>
File: graphics/Abb_13_intersection_priority.pdf Graphic file (type pdf)
<use graphics/Abb_13_intersection_priority.pdf>
Package pdftex.def Info: graphics/Abb_13_intersection_priority.pdf  used on input line 763.
(pdftex.def)             Requested size: 224.83945pt x 281.0493pt.
<graphics/Abb_14_mandatory_stop.pdf, id=38624, 224.62468pt x 281.01054pt>
File: graphics/Abb_14_mandatory_stop.pdf Graphic file (type pdf)
<use graphics/Abb_14_mandatory_stop.pdf>
Package pdftex.def Info: graphics/Abb_14_mandatory_stop.pdf  used on input line 772.
(pdftex.def)             Requested size: 224.62411pt x 281.00984pt.
File: graphics/caudri_logo_no_border.jpg Graphic file (type jpg)
<use graphics/caudri_logo_no_border.jpg>
Package pdftex.def Info: graphics/caudri_logo_no_border.jpg  used on input line 775.
(pdftex.def)             Requested size: 85.35826pt x 24.541pt.
 [27 <./graphics/Abb_12_intersection_give_way_lines.pdf> <./graphics/Abb_13_intersection_priority.pdf

pdfTeX warning: pdflatex.exe (file ./graphics/Abb_13_intersection_priority.pdf): PDF inclusion: multiple pdfs with page group included in a single page
>]
<graphics/Abb_15_mandatory_give_way.pdf, id=38904, 224.62355pt x 281.01115pt>
File: graphics/Abb_15_mandatory_give_way.pdf Graphic file (type pdf)
<use graphics/Abb_15_mandatory_give_way.pdf>
Package pdftex.def Info: graphics/Abb_15_mandatory_give_way.pdf  used on input line 779.
(pdftex.def)             Requested size: 224.623pt x 281.01047pt.
<graphics/Abb_16_mandatory_right_of_way.pdf, id=38905, 224.62465pt x 281.01054pt>
File: graphics/Abb_16_mandatory_right_of_way.pdf Graphic file (type pdf)
<use graphics/Abb_16_mandatory_right_of_way.pdf>
Package pdftex.def Info: graphics/Abb_16_mandatory_right_of_way.pdf  used on input line 786.
(pdftex.def)             Requested size: 224.62408pt x 281.00984pt.
File: graphics/caudri_logo_no_border.jpg Graphic file (type jpg)
<use graphics/caudri_logo_no_border.jpg>
Package pdftex.def Info: graphics/caudri_logo_no_border.jpg  used on input line 789.
(pdftex.def)             Requested size: 85.35826pt x 24.541pt.
 [28 <./graphics/Abb_14_mandatory_stop.pdf> <./graphics/Abb_15_mandatory_give_way.pdf

pdfTeX warning: pdflatex.exe (file ./graphics/Abb_15_mandatory_give_way.pdf): PDF inclusion: multiple pdfs with page group included in a single page
>]
<graphics/Abb_17_road_markings.pdf, id=39374, 477.9151pt x 287.75017pt>
File: graphics/Abb_17_road_markings.pdf Graphic file (type pdf)
<use graphics/Abb_17_road_markings.pdf>
Package pdftex.def Info: graphics/Abb_17_road_markings.pdf  used on input line 794.
(pdftex.def)             Requested size: 455.24411pt x 274.10313pt.
File: graphics/caudri_logo_no_border.jpg Graphic file (type jpg)
<use graphics/caudri_logo_no_border.jpg>
Package pdftex.def Info: graphics/caudri_logo_no_border.jpg  used on input line 802.
(pdftex.def)             Requested size: 85.35826pt x 24.541pt.
 [29 <./graphics/Abb_16_mandatory_right_of_way.pdf> <./graphics/Abb_17_road_markings.pdf

pdfTeX warning: pdflatex.exe (file ./graphics/Abb_17_road_markings.pdf): PDF inclusion: multiple pdfs with page group included in a single page
>]
<graphics/Abb_18_traffic_signs.pdf, id=40181, 406.01666pt x 507.5005pt>
File: graphics/Abb_18_traffic_signs.pdf Graphic file (type pdf)
<use graphics/Abb_18_traffic_signs.pdf>
Package pdftex.def Info: graphics/Abb_18_traffic_signs.pdf  used on input line 807.
(pdftex.def)             Requested size: 406.01566pt x 507.49927pt.
<graphics/Abb_19_positioning_of_traffic_signs.pdf, id=40182, 358.40967pt x 213.59569pt>
File: graphics/Abb_19_positioning_of_traffic_signs.pdf Graphic file (type pdf)
<use graphics/Abb_19_positioning_of_traffic_signs.pdf>
Package pdftex.def Info: graphics/Abb_19_positioning_of_traffic_signs.pdf  used on input line 814.
(pdftex.def)             Requested size: 358.40878pt x 213.59517pt.
File: graphics/caudri_logo_no_border.jpg Graphic file (type jpg)
<use graphics/caudri_logo_no_border.jpg>
Package pdftex.def Info: graphics/caudri_logo_no_border.jpg  used on input line 817.
(pdftex.def)             Requested size: 85.35826pt x 24.541pt.
 [30 <./graphics/Abb_18_traffic_signs.pdf>]
<graphics/Abb_20_obstacles.pdf, id=42153, 237.95947pt x 259.60881pt>
File: graphics/Abb_20_obstacles.pdf Graphic file (type pdf)
<use graphics/Abb_20_obstacles.pdf>
Package pdftex.def Info: graphics/Abb_20_obstacles.pdf  used on input line 823.
(pdftex.def)             Requested size: 237.95888pt x 259.60815pt.
<graphics/Abb_21_pedestrians.pdf, id=42154, 430.20258pt x 218.8731pt>
File: graphics/Abb_21_pedestrians.pdf Graphic file (type pdf)
<use graphics/Abb_21_pedestrians.pdf>
Package pdftex.def Info: graphics/Abb_21_pedestrians.pdf  used on input line 831.
(pdftex.def)             Requested size: 430.20152pt x 218.87256pt.
File: graphics/caudri_logo_no_border.jpg Graphic file (type jpg)
<use graphics/caudri_logo_no_border.jpg>
Package pdftex.def Info: graphics/caudri_logo_no_border.jpg  used on input line 834.
(pdftex.def)             Requested size: 85.35826pt x 24.541pt.
 [31 <./graphics/Abb_19_positioning_of_traffic_signs.pdf> <./graphics/Abb_20_obstacles.pdf

pdfTeX warning: pdflatex.exe (file ./graphics/Abb_20_obstacles.pdf): PDF inclusion: multiple pdfs with page group included in a single page
>]
<graphics/Abb_22_example_circuit.pdf, id=42322, 465.64275pt x 477.94781pt>
File: graphics/Abb_22_example_circuit.pdf Graphic file (type pdf)
<use graphics/Abb_22_example_circuit.pdf>
Package pdftex.def Info: graphics/Abb_22_example_circuit.pdf  used on input line 840.
(pdftex.def)             Requested size: 455.24411pt x 467.28444pt.
File: graphics/caudri_logo_no_border.jpg Graphic file (type jpg)
<use graphics/caudri_logo_no_border.jpg>
Package pdftex.def Info: graphics/caudri_logo_no_border.jpg  used on input line 843.
(pdftex.def)             Requested size: 85.35826pt x 24.541pt.
 [32 <./graphics/Abb_21_pedestrians.pdf>]
<graphics/Abb_23_start_box_markings.pdf, id=42489, 477.06151pt x 239.0783pt>
File: graphics/Abb_23_start_box_markings.pdf Graphic file (type pdf)
<use graphics/Abb_23_start_box_markings.pdf>
Package pdftex.def Info: graphics/Abb_23_start_box_markings.pdf  used on input line 848.
(pdftex.def)             Requested size: 455.24411pt x 228.15547pt.
File: graphics/caudri_logo_no_border.jpg Graphic file (type jpg)
<use graphics/caudri_logo_no_border.jpg>
Package pdftex.def Info: graphics/caudri_logo_no_border.jpg  used on input line 851.
(pdftex.def)             Requested size: 85.35826pt x 24.541pt.
 [33 <./graphics/Abb_22_example_circuit.pdf>]
File: graphics/caudri_logo_no_border.jpg Graphic file (type jpg)
<use graphics/caudri_logo_no_border.jpg>
Package pdftex.def Info: graphics/caudri_logo_no_border.jpg  used on input line 855.
(pdftex.def)             Requested size: 85.35826pt x 24.541pt.
 [34 <./graphics/Abb_23_start_box_markings.pdf>] (./CAuDri-Challenge_Regulations_2023.aux)
Package rerunfilecheck Info: File `CAuDri-Challenge_Regulations_2023.out' has not changed.
(rerunfilecheck)             Checksum: CDEF690E11CDAC6E50CA5BB72BBF273D;13995.
 )
(\end occurred inside a group at level 2)

### simple group (level 2) entered at line 536 ({)
### simple group (level 1) entered at line 382 ({)
### bottom level 
Here is how much of TeX's memory you used:
 10286 strings out of 475071
 168771 string characters out of 5777917
 525961 words of memory out of 5000000
 31369 multiletter control sequences out of 15000+600000
 507870 words of font info for 49 fonts, out of 8000000 for 9000
 1141 hyphenation exceptions out of 8191
 60i,16n,67p,1261b,975s stack positions out of 10000i,1000n,20000p,200000b,200000s
{f:/Programme/texlive/2022/texmf-dist/fonts/enc/dvips/lm/lm-ts1.enc}{f:/Programme/texlive/2022/texmf-dist/fonts/enc/dvips/lm/lm-mathsy.enc}{f:/Programme/texlive/2022/texmf-dist/fonts/enc/dvips/lm/lm-rm.enc}<f:/Programme/texlive/2022/texmf-dist/fonts/type1/public/lm/lmss10.pfb><f:/Programme/texlive/2022/texmf-dist/fonts/type1/public/lm/lmss12.pfb><f:/Programme/texlive/2022/texmf-dist/fonts/type1/public/lm/lmssbx10.pfb><f:/Programme/texlive/2022/texmf-dist/fonts/type1/public/lm/lmsy10.pfb>
Output written on CAuDri-Challenge_Regulations_2023.pdf (35 pages, 9525183 bytes).
PDF statistics:
 43562 PDF objects out of 45951 (max. 8388607)
 26664 compressed objects within 267 object streams
 156 named destinations out of 1000 (max. 500000)
 865 words of extra memory for PDF output out of 10000 (max. 10000000)

