\BOOKMARK [0][-]{chapter.1}{\376\377\000O\000v\000e\000r\000v\000i\000e\000w}{}% 1
\BOOKMARK [1][-]{section.1.1}{\376\377\000O\000b\000j\000e\000c\000t\000i\000v\000e\000s}{chapter.1}% 2
\BOOKMARK [1][-]{section.1.2}{\376\377\000T\000a\000s\000k\000s}{chapter.1}% 3
\BOOKMARK [1][-]{section.1.3}{\376\377\000S\000c\000o\000r\000i\000n\000g}{chapter.1}% 4
\BOOKMARK [2][-]{subsection.1.3.1}{\376\377\000D\000y\000n\000a\000m\000i\000c\000\040\000E\000v\000e\000n\000t\000s}{section.1.3}% 5
\BOOKMARK [0][-]{chapter.2}{\376\377\000C\000o\000m\000p\000e\000t\000i\000t\000i\000o\000n}{}% 6
\BOOKMARK [1][-]{section.2.1}{\376\377\000O\000r\000g\000a\000n\000i\000z\000a\000t\000i\000o\000n}{chapter.2}% 7
\BOOKMARK [1][-]{section.2.2}{\376\377\000A\000w\000a\000r\000d\000s\000\040\000a\000n\000d\000\040\000P\000r\000i\000z\000e\000s}{chapter.2}% 8
\BOOKMARK [1][-]{section.2.3}{\376\377\000D\000a\000t\000e\000s}{chapter.2}% 9
\BOOKMARK [1][-]{section.2.4}{\376\377\000V\000e\000n\000u\000e}{chapter.2}% 10
\BOOKMARK [1][-]{section.2.5}{\376\377\000C\000o\000m\000m\000u\000n\000i\000c\000a\000t\000i\000o\000n}{chapter.2}% 11
\BOOKMARK [0][-]{chapter.3}{\376\377\000R\000e\000g\000u\000l\000a\000t\000i\000o\000n\000s}{}% 12
\BOOKMARK [1][-]{section.3.1}{\376\377\000C\000o\000m\000m\000i\000s\000s\000i\000o\000n}{chapter.3}% 13
\BOOKMARK [1][-]{section.3.2}{\376\377\000V\000a\000l\000i\000d\000i\000t\000y\000\040\000o\000f\000\040\000R\000e\000g\000u\000l\000a\000t\000i\000o\000n\000s}{chapter.3}% 14
\BOOKMARK [1][-]{section.3.3}{\376\377\000Q\000u\000e\000s\000t\000i\000o\000n\000s}{chapter.3}% 15
\BOOKMARK [1][-]{section.3.4}{\376\377\000A\000u\000t\000h\000o\000r\000i\000t\000y}{chapter.3}% 16
\BOOKMARK [1][-]{section.3.5}{\376\377\000L\000i\000m\000i\000t\000\040\000o\000f\000\040\000p\000a\000r\000t\000i\000c\000i\000p\000a\000t\000i\000n\000g\000\040\000t\000e\000a\000m\000s}{chapter.3}% 17
\BOOKMARK [0][-]{chapter.4}{\376\377\000P\000r\000e\000r\000e\000q\000u\000i\000s\000i\000t\000e\000s\000\040\000f\000o\000r\000\040\000A\000t\000t\000e\000n\000d\000i\000n\000g}{}% 18
\BOOKMARK [1][-]{section.4.1}{\376\377\000S\000t\000a\000t\000u\000s\000\040\000o\000f\000\040\000E\000n\000r\000o\000l\000l\000m\000e\000n\000t}{chapter.4}% 19
\BOOKMARK [1][-]{section.4.2}{\376\377\000M\000i\000n\000i\000m\000u\000m\000\040\000A\000g\000e}{chapter.4}% 20
\BOOKMARK [1][-]{section.4.3}{\376\377\000N\000u\000m\000b\000e\000r\000\040\000o\000f\000\040\000T\000e\000a\000m\000s\000\040\000p\000e\000r\000\040\000I\000n\000s\000t\000i\000t\000u\000t\000i\000o\000n}{chapter.4}% 21
\BOOKMARK [1][-]{section.4.4}{\376\377\000P\000u\000b\000l\000i\000c\000a\000t\000i\000o\000n\000\040\000R\000i\000g\000h\000t\000s}{chapter.4}% 22
\BOOKMARK [0][-]{chapter.5}{\376\377\000V\000e\000h\000i\000c\000l\000e\000\040\000R\000e\000q\000u\000i\000r\000e\000m\000e\000n\000t\000s\000\040\000a\000n\000d\000\040\000L\000i\000m\000i\000t\000a\000t\000i\000o\000n\000s}{}% 23
\BOOKMARK [1][-]{section.5.1}{\376\377\000D\000r\000i\000v\000e\000t\000r\000a\000i\000n}{chapter.5}% 24
\BOOKMARK [1][-]{section.5.2}{\376\377\000E\000n\000e\000r\000g\000y\000\040\000S\000u\000p\000p\000l\000y}{chapter.5}% 25
\BOOKMARK [1][-]{section.5.3}{\376\377\000P\000h\000y\000s\000i\000c\000a\000l\000\040\000D\000i\000m\000e\000n\000s\000i\000o\000n\000s}{chapter.5}% 26
\BOOKMARK [1][-]{section.5.4}{\376\377\000S\000t\000e\000e\000r\000i\000n\000g\000\040\000/\000\040\000T\000i\000r\000e\000s}{chapter.5}% 27
\BOOKMARK [1][-]{section.5.5}{\376\377\000S\000e\000n\000s\000o\000r\000\040\000S\000e\000t\000u\000p}{chapter.5}% 28
\BOOKMARK [1][-]{section.5.6}{\376\377\000D\000a\000t\000a\000\040\000T\000r\000a\000n\000s\000m\000i\000s\000s\000i\000o\000n}{chapter.5}% 29
\BOOKMARK [1][-]{section.5.7}{\376\377\000W\000i\000F\000i\000-\000N\000e\000t\000w\000o\000r\000k}{chapter.5}% 30
\BOOKMARK [1][-]{section.5.8}{\376\377\000B\000o\000d\000y\000w\000o\000r\000k}{chapter.5}% 31
\BOOKMARK [1][-]{section.5.9}{\376\377\000R\000C\000-\000M\000o\000d\000e}{chapter.5}% 32
\BOOKMARK [2][-]{subsection.5.9.1}{\376\377\000A\000c\000t\000i\000v\000a\000t\000i\000n\000g\000\040\000R\000C\000-\000M\000o\000d\000e}{section.5.9}% 33
\BOOKMARK [2][-]{subsection.5.9.2}{\376\377\000D\000r\000i\000v\000i\000n\000g\000\040\000i\000n\000\040\000R\000C\000-\000M\000o\000d\000e}{section.5.9}% 34
\BOOKMARK [2][-]{subsection.5.9.3}{\376\377\000T\000r\000a\000n\000s\000m\000i\000s\000s\000i\000o\000n\000\040\000F\000r\000e\000q\000u\000e\000n\000c\000i\000e\000s}{section.5.9}% 35
\BOOKMARK [1][-]{section.5.10}{\376\377\000H\000a\000n\000d\000l\000i\000n\000g\000\040\000o\000f\000\040\000t\000h\000e\000\040\000V\000e\000h\000i\000c\000l\000e}{chapter.5}% 36
\BOOKMARK [1][-]{section.5.11}{\376\377\000L\000i\000g\000h\000t\000s}{chapter.5}% 37
\BOOKMARK [2][-]{subsection.5.11.1}{\376\377\000B\000r\000a\000k\000i\000n\000g\000\040\000L\000i\000g\000h\000t\000s}{section.5.11}% 38
\BOOKMARK [2][-]{subsection.5.11.2}{\376\377\000D\000i\000r\000e\000c\000t\000i\000o\000n\000\040\000I\000n\000d\000i\000c\000a\000t\000o\000r\000s}{section.5.11}% 39
\BOOKMARK [2][-]{subsection.5.11.3}{\376\377\000R\000C\000-\000M\000o\000d\000e\000-\000I\000n\000d\000i\000c\000a\000t\000o\000r}{section.5.11}% 40
\BOOKMARK [1][-]{section.5.12}{\376\377\000D\000e\000v\000e\000l\000o\000p\000m\000e\000n\000t\000\040\000K\000n\000o\000w\000-\000H\000o\000w}{chapter.5}% 41
\BOOKMARK [1][-]{section.5.13}{\376\377\000S\000a\000f\000e\000t\000y\000\040\000R\000e\000g\000u\000l\000a\000t\000i\000o\000n\000s}{chapter.5}% 42
\BOOKMARK [1][-]{section.5.14}{\376\377\000M\000o\000d\000i\000f\000i\000c\000a\000t\000i\000o\000n\000\040\000o\000f\000\040\000t\000h\000e\000\040\000V\000e\000h\000i\000c\000l\000e}{chapter.5}% 43
\BOOKMARK [0][-]{chapter.6}{\376\377\000D\000y\000n\000a\000m\000i\000c\000\040\000E\000v\000e\000n\000t\000s}{}% 44
\BOOKMARK [1][-]{section.6.1}{\376\377\000R\000e\000f\000e\000r\000e\000e\000s}{chapter.6}% 45
\BOOKMARK [1][-]{section.6.2}{\376\377\000F\000r\000e\000e\000\040\000D\000r\000i\000v\000e\000\040\000\050\000w\000/\000o\000\040\000O\000b\000s\000t\000a\000c\000l\000e\000s\000\051\000\040\000a\000n\000d\000\040\000P\000a\000r\000k\000i\000n\000g}{chapter.6}% 46
\BOOKMARK [2][-]{subsection.6.2.1}{\376\377\000S\000c\000e\000n\000a\000r\000i\000o}{section.6.2}% 47
\BOOKMARK [2][-]{subsection.6.2.2}{\376\377\000E\000x\000e\000c\000u\000t\000i\000o\000n\000\040\000o\000f\000\040\000t\000h\000e\000\040\000E\000v\000e\000n\000t}{section.6.2}% 48
\BOOKMARK [2][-]{subsection.6.2.3}{\376\377\000R\000C\000-\000M\000o\000d\000e}{section.6.2}% 49
\BOOKMARK [2][-]{subsection.6.2.4}{\376\377\000P\000a\000r\000k\000i\000n\000g}{section.6.2}% 50
\BOOKMARK [2][-]{subsection.6.2.5}{\376\377\000S\000c\000o\000r\000i\000n\000g}{section.6.2}% 51
\BOOKMARK [1][-]{section.6.3}{\376\377\000O\000b\000s\000t\000a\000c\000l\000e\000\040\000E\000v\000a\000s\000i\000o\000n\000\040\000C\000o\000u\000r\000s\000e}{chapter.6}% 52
\BOOKMARK [2][-]{subsection.6.3.1}{\376\377\000S\000t\000a\000t\000i\000c\000\040\000O\000b\000s\000t\000a\000c\000l\000e\000s}{section.6.3}% 53
\BOOKMARK [2][-]{subsection.6.3.2}{\376\377\000D\000y\000n\000a\000m\000i\000c\000\040\000O\000b\000s\000t\000a\000c\000l\000e\000s}{section.6.3}% 54
\BOOKMARK [2][-]{subsection.6.3.3}{\376\377\000I\000n\000t\000e\000r\000s\000e\000c\000t\000i\000o\000n\000s\000\040\000o\000f\000\040\000t\000h\000e\000\040\000R\000u\000r\000a\000l\000\040\000R\000o\000a\000d\000\040\000S\000c\000e\000n\000a\000r\000i\000o}{section.6.3}% 55
\BOOKMARK [2][-]{subsection.6.3.4}{\376\377\000N\000o\000-\000P\000a\000s\000s\000i\000n\000g\000\040\000Z\000o\000n\000e\000s}{section.6.3}% 56
\BOOKMARK [2][-]{subsection.6.3.5}{\376\377\000T\000w\000o\000-\000l\000a\000n\000e\000\040\000E\000x\000p\000r\000e\000s\000s\000w\000a\000y}{section.6.3}% 57
\BOOKMARK [2][-]{subsection.6.3.6}{\376\377\000S\000u\000b\000u\000r\000b\000a\000n\000\040\000S\000c\000e\000n\000a\000r\000i\000o}{section.6.3}% 58
\BOOKMARK [2][-]{subsection.6.3.7}{\376\377\000E\000x\000e\000c\000u\000t\000i\000o\000n\000\040\000o\000f\000\040\000t\000h\000e\000\040\000E\000v\000e\000n\000t}{section.6.3}% 59
\BOOKMARK [2][-]{subsection.6.3.8}{\376\377\000R\000C\000-\000M\000o\000d\000e}{section.6.3}% 60
\BOOKMARK [2][-]{subsection.6.3.9}{\376\377\000S\000c\000o\000r\000i\000n\000g}{section.6.3}% 61
\BOOKMARK [0][-]{chapter.7}{\376\377\000C\000o\000m\000p\000e\000t\000i\000t\000i\000o\000n\000\040\000S\000c\000h\000e\000d\000u\000l\000e}{}% 62
\BOOKMARK [1][-]{section.7.1}{\376\377\000T\000r\000a\000i\000n\000i\000n\000g}{chapter.7}% 63
\BOOKMARK [1][-]{section.7.2}{\376\377\000Q\000u\000a\000l\000i\000f\000y\000i\000n\000g}{chapter.7}% 64
\BOOKMARK [1][-]{section.7.3}{\376\377\000C\000o\000m\000p\000e\000t\000i\000t\000i\000o\000n}{chapter.7}% 65
\BOOKMARK [2][-]{subsection.7.3.1}{\376\377\000P\000r\000e\000p\000a\000r\000a\000t\000i\000o\000n\000s}{section.7.3}% 66
\BOOKMARK [2][-]{subsection.7.3.2}{\376\377\000S\000t\000a\000r\000t\000\040\000S\000c\000h\000e\000d\000u\000l\000i\000n\000g\000\040\000S\000y\000s\000t\000e\000m}{section.7.3}% 67
\BOOKMARK [2][-]{subsection.7.3.3}{\376\377\000S\000t\000a\000r\000t\000\040\000B\000o\000x}{section.7.3}% 68
\BOOKMARK [0][-]{appendix.A}{\376\377\000A\000p\000p\000e\000n\000d\000i\000x}{}% 69
\BOOKMARK [1][-]{section.A.1}{\376\377\000P\000a\000r\000k\000i\000n\000g\000\040\000L\000o\000t}{appendix.A}% 70
\BOOKMARK [1][-]{section.A.2}{\376\377\000P\000a\000r\000a\000l\000l\000e\000l\000\040\000P\000a\000r\000k\000i\000n\000g}{appendix.A}% 71
\BOOKMARK [1][-]{section.A.3}{\376\377\000P\000e\000r\000p\000e\000n\000d\000i\000c\000u\000l\000a\000r\000\040\000P\000a\000r\000k\000i\000n\000g}{appendix.A}% 72
\BOOKMARK [1][-]{section.A.4}{\376\377\000R\000o\000a\000d\000\040\000L\000a\000y\000o\000u\000t\000\040\000a\000n\000d\000\040\000L\000a\000n\000e\000\040\000M\000a\000r\000k\000i\000n\000g\000s}{appendix.A}% 73
\BOOKMARK [1][-]{section.A.5}{\376\377\000I\000n\000t\000e\000r\000s\000e\000c\000t\000i\000o\000n\000\040\000o\000f\000\040\000t\000h\000e\000\040\000R\000u\000r\000a\000l\000\040\000R\000o\000a\000d\000\040\000S\000c\000e\000n\000a\000r\000i\000o}{appendix.A}% 74
\BOOKMARK [2][-]{subsection.A.5.1}{\376\377\000D\000y\000n\000a\000m\000i\000c\000\040\000O\000b\000s\000t\000a\000c\000l\000e\000s\000\040\000a\000t\000\040\000I\000n\000t\000e\000r\000s\000e\000c\000t\000i\000o\000n\000s\000\040\000-\000\040\000G\000i\000v\000e\000-\000W\000a\000y\000\040\000C\000o\000n\000d\000i\000t\000i\000o\000n}{section.A.5}% 75
\BOOKMARK [1][-]{section.A.6}{\376\377\000S\000p\000e\000e\000d\000\040\000L\000i\000m\000i\000t\000\040\000Z\000o\000n\000e}{appendix.A}% 76
\BOOKMARK [1][-]{section.A.7}{\376\377\000B\000a\000r\000r\000e\000d\000\040\000A\000r\000e\000a}{appendix.A}% 77
\BOOKMARK [1][-]{section.A.8}{\376\377\000C\000r\000o\000s\000s\000w\000a\000l\000k}{appendix.A}% 78
\BOOKMARK [1][-]{section.A.9}{\376\377\000P\000e\000d\000e\000s\000t\000r\000i\000a\000n\000\040\000I\000s\000l\000a\000n\000d}{appendix.A}% 79
\BOOKMARK [2][-]{subsection.A.9.1}{\376\377\000P\000e\000d\000e\000s\000t\000r\000i\000a\000n\000\040\000I\000s\000l\000a\000n\000d\000\040\000w\000i\000t\000h\000\040\000C\000r\000o\000s\000s\000w\000a\000l\000k}{section.A.9}% 80
\BOOKMARK [1][-]{section.A.10}{\376\377\000A\000d\000d\000i\000t\000i\000o\000n\000a\000l\000\040\000I\000n\000t\000e\000r\000s\000e\000c\000t\000i\000o\000n\000s\000\040\000o\000f\000\040\000t\000h\000e\000\040\000S\000u\000b\000u\000r\000b\000a\000n\000\040\000S\000c\000e\000n\000a\000r\000i\000o}{appendix.A}% 81
\BOOKMARK [2][-]{subsection.A.10.1}{\376\377\000I\000n\000t\000e\000r\000s\000e\000c\000t\000i\000o\000n\000\040\000w\000i\000t\000h\000\040\000G\000i\000v\000e\000-\000W\000a\000y\000\040\000L\000i\000n\000e\000s}{section.A.10}% 82
\BOOKMARK [2][-]{subsection.A.10.2}{\376\377\000I\000n\000t\000e\000r\000s\000e\000c\000t\000i\000o\000n\000\040\000w\000i\000t\000h\000\040\000P\000r\000i\000o\000r\000i\000t\000y\000\040\000t\000o\000\040\000R\000i\000g\000h\000t}{section.A.10}% 83
\BOOKMARK [2][-]{subsection.A.10.3}{\376\377\000I\000n\000t\000e\000r\000s\000e\000c\000t\000i\000o\000n\000\040\000w\000i\000t\000h\000\040\000M\000a\000n\000d\000a\000t\000o\000r\000y\000\040\000T\000u\000r\000n}{section.A.10}% 84
\BOOKMARK [1][-]{section.A.11}{\376\377\000R\000o\000a\000d\000\040\000M\000a\000r\000k\000i\000n\000g\000s}{appendix.A}% 85
\BOOKMARK [1][-]{section.A.12}{\376\377\000T\000r\000a\000f\000f\000i\000c\000\040\000S\000i\000g\000n\000s}{appendix.A}% 86
\BOOKMARK [2][-]{subsection.A.12.1}{\376\377\000D\000e\000f\000i\000n\000i\000t\000i\000o\000n\000\040\000o\000f\000\040\000T\000r\000a\000f\000f\000i\000c\000\040\000S\000i\000g\000n\000s}{section.A.12}% 87
\BOOKMARK [2][-]{subsection.A.12.2}{\376\377\000P\000o\000s\000i\000t\000i\000o\000n\000i\000n\000g\000\040\000o\000f\000\040\000T\000r\000a\000f\000f\000i\000c\000\040\000S\000i\000g\000n\000s}{section.A.12}% 88
\BOOKMARK [1][-]{section.A.13}{\376\377\000D\000i\000m\000e\000n\000s\000i\000o\000n\000s\000\040\000o\000f\000\040\000O\000b\000s\000t\000a\000c\000l\000e\000s}{appendix.A}% 89
\BOOKMARK [2][-]{subsection.A.13.1}{\376\377\000S\000t\000a\000t\000i\000c\000\040\000a\000n\000d\000\040\000D\000y\000n\000a\000m\000i\000c\000\040\000O\000b\000s\000t\000a\000c\000l\000e\000s\000\040\000o\000n\000\040\000t\000h\000e\000\040\000T\000r\000a\000c\000k}{section.A.13}% 90
\BOOKMARK [2][-]{subsection.A.13.2}{\376\377\000P\000e\000d\000e\000s\000t\000r\000i\000a\000n\000s}{section.A.13}% 91
\BOOKMARK [1][-]{section.A.14}{\376\377\000E\000x\000a\000m\000p\000l\000e\000\040\000C\000i\000r\000c\000u\000i\000t}{appendix.A}% 92
\BOOKMARK [1][-]{section.A.15}{\376\377\000M\000a\000r\000k\000i\000n\000g\000s\000\040\000o\000f\000\040\000t\000h\000e\000\040\000S\000t\000a\000r\000t\000\040\000B\000o\000x\000\040\000G\000a\000t\000e}{appendix.A}% 93
